SF:lib\src\exceptions\exceptions.dart
DA:6,1
DA:11,1
DA:12,2
DA:16,1
DA:22,1
DA:23,3
DA:27,1
DA:32,1
DA:33,2
LF:9
LH:9
end_of_record
SF:lib\src\failures\failure.dart
DA:8,2
DA:13,1
DA:14,3
DA:16,1
DA:22,2
DA:27,2
DA:32,2
DA:37,2
DA:42,1
LF:9
LH:9
end_of_record
SF:lib\src\result\result.dart
DA:9,2
DA:14,2
DA:15,4
DA:31,2
DA:35,1
DA:40,2
DA:42,1
DA:43,3
DA:45,1
DA:46,2
DA:48,2
DA:49,4
DA:53,1
DA:57,1
DA:62,2
DA:64,1
DA:65,2
DA:67,1
DA:68,2
DA:70,1
DA:71,2
LF:21
LH:21
end_of_record
SF:lib\src\usecase\usecase.dart
DA:6,0
DA:13,0
LF:2
LH:0
end_of_record
